
> @task-tracker/types@0.0.0 build D:\projs\task-tracker\packages\types
> tsup

[34mCLI[39m Building entry: src/index.ts
[34mCLI[39m Using tsconfig: tsconfig.json
[34mCLI[39m tsup v8.5.0
[34mCLI[39m Using tsup config: D:\projs\task-tracker\packages\types\tsup.config.ts
[34mCLI[39m Target: es2022
[34mCLI[39m Cleaning output folder
[34mCJS[39m Build start
[34mESM[39m Build start
[32mESM[39m [1mdist\index.js     [22m[32m732.00 B[39m
[32mESM[39m [1mdist\index.js.map [22m[32m1.03 KB[39m
[32mESM[39m ⚡️ Build success in 485ms
[32mCJS[39m [1mdist\index.cjs     [22m[32m797.00 B[39m
[32mCJS[39m [1mdist\index.cjs.map [22m[32m1.03 KB[39m
[32mCJS[39m ⚡️ Build success in 488ms
[34mDTS[39m Build start
src/index.ts(1,15): error TS6307: File 'D:/projs/task-tracker/packages/types/src/types/index.ts' is not listed within the file list of project ''. Projects must list all files or use an 'include' pattern.
src/index.ts(2,15): error TS6307: File 'D:/projs/task-tracker/packages/types/src/interfaces/index.ts' is not listed within the file list of project ''. Projects must list all files or use an 'include' pattern.

[31mError: error occurred in dts build
    at Worker.<anonymous> (D:\projs\task-tracker\node_modules\.pnpm\tsup@8.5.0_typescript@5.3.3\node_modules\tsup\dist\index.js:1545:26)
    at Worker.emit (node:events:518:28)
    at MessagePort.<anonymous> (node:internal/worker:268:53)
    at [nodejs.internal.kHybridDispatch] (node:internal/event_target:827:20)
    at MessagePort.<anonymous> (node:internal/per_context/messageport:23:28)[39m
[31mDTS[39m [31mBuild error[39m
 ELIFECYCLE  Command failed with exit code 1.
