
> @task-tracker/config@0.0.0 build D:\projs\task-tracker\packages\config
> tsup

[34mCLI[39m Building entry: src/index.ts
[34mCLI[39m Using tsconfig: tsconfig.json
[34mCLI[39m tsup v8.5.0
[34mCLI[39m Using tsup config: D:\projs\task-tracker\packages\config\tsup.config.ts
[34mCLI[39m Target: node16
[34mCLI[39m Cleaning output folder
[34mESM[39m Build start
[34mCJS[39m Build start
[32mESM[39m [1mdist\index.mjs     [22m[32m34.00 B[39m
[32mESM[39m [1mdist\index.mjs.map [22m[32m71.00 B[39m
[32mESM[39m ⚡️ Build success in 41ms
[32mCJS[39m [1mdist\index.js     [22m[32m777.00 B[39m
[32mCJS[39m [1mdist\index.js.map [22m[32m171.00 B[39m
[32mCJS[39m ⚡️ Build success in 54ms
[34mDTS[39m Build start
[32mDTS[39m ⚡️ Build success in 1659ms
[32mDTS[39m [1mdist\index.d.mts [22m[32m13.00 B[39m
[32mDTS[39m [1mdist\index.d.ts  [22m[32m13.00 B[39m
